<?xml version="1.0" encoding="UTF-8"?>
<!-- Generated by org.testng.reporters.JUnitXMLReporter -->
<testsuite ignored="0" hostname="Silver_knight" failures="0" tests="2" name="edgeBrowser" time="32.432" errors="0" timestamp="2024-06-26T07:06:55 IST">
  <testcase classname="org.e_learning_platform.E_Learning_Plateform.E_Learning" name="invalidUserRegistration" time="13.651"/>
  <testcase classname="org.e_learning_platform.E_Learning_Plateform.E_Learning" name="validUserRegistration" time="10.635"/>
</testsuite> <!-- edgeBrowser -->
