<?xml version="1.0" encoding="UTF-8"?>
<testng-results ignored="0" total="4" passed="4" failed="0" skipped="0">
  <reporter-output>
  </reporter-output>
  <suite started-at="2024-06-26T07:06:22 IST" name="Suite" finished-at="2024-06-26T07:06:55 IST" duration-ms="32500">
    <groups>
    </groups>
    <test started-at="2024-06-26T07:06:22 IST" name="edgeBrowser" finished-at="2024-06-26T07:06:55 IST" duration-ms="32432">
      <class name="org.e_learning_platform.E_Learning_Plateform.E_Learning">
        <test-method is-config="true" signature="launchBrowser(java.lang.String)[pri:0, instance:org.e_learning_platform.E_Learning_Plateform.E_Learning@1fa121e2]" started-at="2024-06-26T07:06:22 IST" name="launchBrowser" finished-at="2024-06-26T07:06:29 IST" duration-ms="6237" status="PASS">
          <params>
            <param index="0">
              <value>
                <![CDATA[edge]]>
              </value>
            </param>
          </params>
          <reporter-output>
          </reporter-output>
        </test-method> <!-- launchBrowser -->
        <test-method is-config="true" signature="setUp(java.lang.String)[pri:0, instance:org.e_learning_platform.E_Learning_Plateform.E_Learning@1fa121e2]" started-at="2024-06-26T07:06:29 IST" name="setUp" finished-at="2024-06-26T07:06:30 IST" duration-ms="1506" status="PASS">
          <params>
            <param index="0">
              <value>
                <![CDATA[edge]]>
              </value>
            </param>
          </params>
          <reporter-output>
          </reporter-output>
        </test-method> <!-- setUp -->
        <test-method signature="invalidUserRegistration(java.lang.String,java.lang.String)[pri:1, instance:org.e_learning_platform.E_Learning_Plateform.E_Learning@1fa121e2]" started-at="2024-06-26T07:06:30 IST" name="invalidUserRegistration" data-provider="invalid" finished-at="2024-06-26T07:06:44 IST" duration-ms="13651" status="PASS">
          <params>
            <param index="0">
              <value>
                <![CDATA[deepak1@gmail.com]]>
              </value>
            </param>
            <param index="1">
              <value>
                <![CDATA[Deep2k.S1]]>
              </value>
            </param>
          </params>
          <reporter-output>
          </reporter-output>
        </test-method> <!-- invalidUserRegistration -->
        <test-method signature="validUserRegistration(java.lang.String,java.lang.String)[pri:2, instance:org.e_learning_platform.E_Learning_Plateform.E_Learning@1fa121e2]" started-at="2024-06-26T07:06:44 IST" name="validUserRegistration" data-provider="valid" finished-at="2024-06-26T07:06:54 IST" duration-ms="10635" status="PASS">
          <params>
            <param index="0">
              <value>
                <![CDATA[deepaksundaravelu@gmail.com]]>
              </value>
            </param>
            <param index="1">
              <value>
                <![CDATA[Deepak.S1]]>
              </value>
            </param>
          </params>
          <reporter-output>
          </reporter-output>
        </test-method> <!-- validUserRegistration -->
        <test-method is-config="true" signature="closetheBrowser()[pri:0, instance:org.e_learning_platform.E_Learning_Plateform.E_Learning@1fa121e2]" started-at="2024-06-26T07:06:54 IST" name="closetheBrowser" finished-at="2024-06-26T07:06:55 IST" duration-ms="389" status="PASS">
          <reporter-output>
          </reporter-output>
        </test-method> <!-- closetheBrowser -->
      </class> <!-- org.e_learning_platform.E_Learning_Plateform.E_Learning -->
    </test> <!-- edgeBrowser -->
    <test started-at="2024-06-26T07:06:22 IST" name="chromeBrowser" finished-at="2024-06-26T07:06:55 IST" duration-ms="32500">
      <class name="org.e_learning_platform.E_Learning_Plateform.E_Learning">
        <test-method is-config="true" signature="launchBrowser(java.lang.String)[pri:0, instance:org.e_learning_platform.E_Learning_Plateform.E_Learning@776aec5c]" started-at="2024-06-26T07:06:22 IST" name="launchBrowser" finished-at="2024-06-26T07:06:25 IST" duration-ms="2954" status="PASS">
          <params>
            <param index="0">
              <value>
                <![CDATA[chrome]]>
              </value>
            </param>
          </params>
          <reporter-output>
          </reporter-output>
        </test-method> <!-- launchBrowser -->
        <test-method is-config="true" signature="setUp(java.lang.String)[pri:0, instance:org.e_learning_platform.E_Learning_Plateform.E_Learning@776aec5c]" started-at="2024-06-26T07:06:25 IST" name="setUp" finished-at="2024-06-26T07:06:27 IST" duration-ms="1603" status="PASS">
          <params>
            <param index="0">
              <value>
                <![CDATA[chrome]]>
              </value>
            </param>
          </params>
          <reporter-output>
          </reporter-output>
        </test-method> <!-- setUp -->
        <test-method signature="invalidUserRegistration(java.lang.String,java.lang.String)[pri:1, instance:org.e_learning_platform.E_Learning_Plateform.E_Learning@776aec5c]" started-at="2024-06-26T07:06:27 IST" name="invalidUserRegistration" data-provider="invalid" finished-at="2024-06-26T07:06:42 IST" duration-ms="15009" status="PASS">
          <params>
            <param index="0">
              <value>
                <![CDATA[deepak1@gmail.com]]>
              </value>
            </param>
            <param index="1">
              <value>
                <![CDATA[Deep2k.S1]]>
              </value>
            </param>
          </params>
          <reporter-output>
          </reporter-output>
        </test-method> <!-- invalidUserRegistration -->
        <test-method signature="validUserRegistration(java.lang.String,java.lang.String)[pri:2, instance:org.e_learning_platform.E_Learning_Plateform.E_Learning@776aec5c]" started-at="2024-06-26T07:06:42 IST" name="validUserRegistration" data-provider="valid" finished-at="2024-06-26T07:06:55 IST" duration-ms="12542" status="PASS">
          <params>
            <param index="0">
              <value>
                <![CDATA[deepaksundaravelu@gmail.com]]>
              </value>
            </param>
            <param index="1">
              <value>
                <![CDATA[Deepak.S1]]>
              </value>
            </param>
          </params>
          <reporter-output>
          </reporter-output>
        </test-method> <!-- validUserRegistration -->
        <test-method is-config="true" signature="closetheBrowser()[pri:0, instance:org.e_learning_platform.E_Learning_Plateform.E_Learning@776aec5c]" started-at="2024-06-26T07:06:55 IST" name="closetheBrowser" finished-at="2024-06-26T07:06:55 IST" duration-ms="361" status="FAIL">
          <exception class="org.openqa.selenium.NoSuchSessionException">
            <message>
              <![CDATA[invalid session id
Build info: version: '4.12.0', revision: '249f2a7d1b*'
System info: os.name: 'Windows 11', os.arch: 'amd64', os.version: '10.0', java.version: '17.0.8'
Driver info: org.openqa.selenium.edge.EdgeDriver
Command: [9d3c731270c77775322d0d176b3734d2, close {}]
Capabilities {acceptInsecureCerts: false, browserName: MicrosoftEdge, browserVersion: 126.0.2592.68, fedcm:accounts: true, ms:edgeOptions: {debuggerAddress: localhost:52812}, msedge: {msedgedriverVersion: 126.0.2592.68 (30e1b6cc72a8..., userDataDir: C:\Users\deepa\AppData\Loca...}, networkConnectionEnabled: false, pageLoadStrategy: normal, platformName: windows, proxy: Proxy(), se:cdp: ws://localhost:52812/devtoo..., se:cdpVersion: 126.0.2592.68, setWindowRect: true, strictFileInteractability: false, timeouts: {implicit: 0, pageLoad: 300000, script: 30000}, unhandledPromptBehavior: dismiss and notify, webauthn:extension:credBlob: true, webauthn:extension:largeBlob: true, webauthn:extension:minPinLength: true, webauthn:extension:prf: true, webauthn:virtualAuthenticators: true}
Session ID: 9d3c731270c77775322d0d176b3734d2]]>
            </message>
            <full-stacktrace>
              <![CDATA[org.openqa.selenium.NoSuchSessionException: invalid session id
Build info: version: '4.12.0', revision: '249f2a7d1b*'
System info: os.name: 'Windows 11', os.arch: 'amd64', os.version: '10.0', java.version: '17.0.8'
Driver info: org.openqa.selenium.edge.EdgeDriver
Command: [9d3c731270c77775322d0d176b3734d2, close {}]
Capabilities {acceptInsecureCerts: false, browserName: MicrosoftEdge, browserVersion: 126.0.2592.68, fedcm:accounts: true, ms:edgeOptions: {debuggerAddress: localhost:52812}, msedge: {msedgedriverVersion: 126.0.2592.68 (30e1b6cc72a8..., userDataDir: C:\Users\deepa\AppData\Loca...}, networkConnectionEnabled: false, pageLoadStrategy: normal, platformName: windows, proxy: Proxy(), se:cdp: ws://localhost:52812/devtoo..., se:cdpVersion: 126.0.2592.68, setWindowRect: true, strictFileInteractability: false, timeouts: {implicit: 0, pageLoad: 300000, script: 30000}, unhandledPromptBehavior: dismiss and notify, webauthn:extension:credBlob: true, webauthn:extension:largeBlob: true, webauthn:extension:minPinLength: true, webauthn:extension:prf: true, webauthn:virtualAuthenticators: true}
Session ID: 9d3c731270c77775322d0d176b3734d2
at java.base/jdk.internal.reflect.NativeConstructorAccessorImpl.newInstance0(Native Method)
at java.base/jdk.internal.reflect.NativeConstructorAccessorImpl.newInstance(NativeConstructorAccessorImpl.java:77)
at java.base/jdk.internal.reflect.DelegatingConstructorAccessorImpl.newInstance(DelegatingConstructorAccessorImpl.java:45)
at java.base/java.lang.reflect.Constructor.newInstanceWithCaller(Constructor.java:499)
at java.base/java.lang.reflect.Constructor.newInstance(Constructor.java:480)
at org.openqa.selenium.remote.codec.w3c.W3CHttpResponseCodec.createException(W3CHttpResponseCodec.java:200)
at org.openqa.selenium.remote.codec.w3c.W3CHttpResponseCodec.decode(W3CHttpResponseCodec.java:133)
at org.openqa.selenium.remote.codec.w3c.W3CHttpResponseCodec.decode(W3CHttpResponseCodec.java:52)
at org.openqa.selenium.remote.HttpCommandExecutor.execute(HttpCommandExecutor.java:191)
at org.openqa.selenium.remote.service.DriverCommandExecutor.invokeExecute(DriverCommandExecutor.java:196)
at org.openqa.selenium.remote.service.DriverCommandExecutor.execute(DriverCommandExecutor.java:171)
at org.openqa.selenium.remote.RemoteWebDriver.execute(RemoteWebDriver.java:602)
at org.openqa.selenium.remote.RemoteWebDriver.execute(RemoteWebDriver.java:675)
at org.openqa.selenium.remote.RemoteWebDriver.execute(RemoteWebDriver.java:679)
at org.openqa.selenium.remote.RemoteWebDriver.close(RemoteWebDriver.java:409)
at org.baseclass.BaseClass.closeBrowser(BaseClass.java:88)
at org.e_learning_platform.E_Learning_Plateform.E_Learning.closetheBrowser(E_Learning.java:79)
at java.base/jdk.internal.reflect.NativeMethodAccessorImpl.invoke0(Native Method)
at java.base/jdk.internal.reflect.NativeMethodAccessorImpl.invoke(NativeMethodAccessorImpl.java:77)
at java.base/jdk.internal.reflect.DelegatingMethodAccessorImpl.invoke(DelegatingMethodAccessorImpl.java:43)
at java.base/java.lang.reflect.Method.invoke(Method.java:568)
at org.testng.internal.MethodInvocationHelper.invokeMethod(MethodInvocationHelper.java:133)
at org.testng.internal.MethodInvocationHelper.invokeMethodConsideringTimeout(MethodInvocationHelper.java:62)
at org.testng.internal.ConfigInvoker.invokeConfigurationMethod(ConfigInvoker.java:385)
at org.testng.internal.ConfigInvoker.invokeConfigurations(ConfigInvoker.java:321)
at org.testng.internal.TestMethodWorker.invokeAfterClassMethods(TestMethodWorker.java:217)
at org.testng.internal.TestMethodWorker.run(TestMethodWorker.java:130)
at java.base/java.util.ArrayList.forEach(ArrayList.java:1511)
at org.testng.TestRunner.privateRun(TestRunner.java:794)
at org.testng.TestRunner.run(TestRunner.java:596)
at org.testng.SuiteRunner.runTest(SuiteRunner.java:377)
at org.testng.SuiteRunner.access$000(SuiteRunner.java:28)
at org.testng.SuiteRunner$SuiteWorker.run(SuiteRunner.java:418)
at org.testng.internal.thread.ThreadUtil.lambda$execute$0(ThreadUtil.java:64)
at java.base/java.util.concurrent.FutureTask.run(FutureTask.java:264)
at java.base/java.util.concurrent.ThreadPoolExecutor.runWorker(ThreadPoolExecutor.java:1136)
at java.base/java.util.concurrent.ThreadPoolExecutor$Worker.run(ThreadPoolExecutor.java:635)
at java.base/java.lang.Thread.run(Thread.java:833)
]]>
            </full-stacktrace>
          </exception> <!-- org.openqa.selenium.NoSuchSessionException -->
          <reporter-output>
          </reporter-output>
        </test-method> <!-- closetheBrowser -->
      </class> <!-- org.e_learning_platform.E_Learning_Plateform.E_Learning -->
    </test> <!-- chromeBrowser -->
  </suite> <!-- Suite -->
</testng-results>
